<?xml version="1.0" encoding="UTF-8"?>
<!-- Generated by org.testng.reporters.JUnitReportReporter -->
<testsuite skipped="2" hostname="HP-PC" name="FreeCRMTestSinglton.FreeCRMTestClass" tests="2" failures="0" timestamp="19 May 2019 11:23:21 GMT" time="0.000" errors="0">
  <testcase name="verifyFreeCRMTitle" time="0.000" classname="FreeCRMTestSinglton.FreeCRMTestClass">
    <skipped/>
  </testcase> <!-- verifyFreeCRMTitle -->
  <testcase name="logoTest" time="0.000" classname="FreeCRMTestSinglton.FreeCRMTestClass">
    <skipped/>
  </testcase> <!-- logoTest -->
</testsuite> <!-- FreeCRMTestSinglton.FreeCRMTestClass -->
