<?xml version="1.0" encoding="UTF-8"?>
<!-- Generated by org.testng.reporters.JUnitReportReporter -->
<testsuite skipped="0" hostname="HP-PC" name="TestNGFeatures.Log4J" tests="1" failures="0" timestamp="19 Dec 2018 10:53:55 GMT" time="11.838" errors="0">
  <testcase name="freecrmTitleTest" time="11.838" classname="TestNGFeatures.Log4J"/>
</testsuite> <!-- TestNGFeatures.Log4J -->
