<?xml version="1.0" encoding="UTF-8"?>
<!-- Generated by org.testng.reporters.JUnitReportReporter -->
<testsuite skipped="3" hostname="HP-PC" name="TestNGFeatures.HUBSPOTLogin" tests="3" failures="0" timestamp="19 May 2019 11:23:21 GMT" time="0.000" errors="0">
  <testcase name="loginTest" time="0.000" classname="TestNGFeatures.HUBSPOTLogin">
    <skipped/>
  </testcase> <!-- loginTest -->
  <testcase name="verifyLoginPageTitleTest" time="0.000" classname="TestNGFeatures.HUBSPOTLogin">
    <skipped/>
  </testcase> <!-- verifyLoginPageTitleTest -->
  <testcase name="verifyLoginButtonTest" time="0.000" classname="TestNGFeatures.HUBSPOTLogin">
    <skipped/>
  </testcase> <!-- verifyLoginButtonTest -->
</testsuite> <!-- TestNGFeatures.HUBSPOTLogin -->
