<?xml version="1.0" encoding="UTF-8"?>
<!-- Generated by org.testng.reporters.JUnitReportReporter -->
<testsuite skipped="1" hostname="HP-PC" name="FreeCRMTestSinglton.WMTest" tests="1" failures="0" timestamp="19 May 2019 11:23:21 GMT" time="0.000" errors="0">
  <testcase name="freeCRMTest" time="0.000" classname="FreeCRMTestSinglton.WMTest">
    <skipped/>
  </testcase> <!-- freeCRMTest -->
</testsuite> <!-- FreeCRMTestSinglton.WMTest -->
