<?xml version="1.0" encoding="UTF-8"?>
<!-- Generated by org.testng.reporters.JUnitReportReporter -->
<testsuite skipped="0" hostname="HP-PC" name="com.qa.selenium.quickrecap.SeleniumBasics" tests="1" failures="0" timestamp="31 Mar 2019 05:06:52 GMT" time="9.922" errors="0">
  <testcase name="loginTest" time="9.922" classname="com.qa.selenium.quickrecap.SeleniumBasics"/>
</testsuite> <!-- com.qa.selenium.quickrecap.SeleniumBasics -->
