<?xml version="1.0" encoding="UTF-8"?>
<!-- Generated by org.testng.reporters.JUnitReportReporter -->
<testsuite skipped="3" hostname="HP-PC" name="TestNGFeatures.AssertionTest" tests="3" failures="0" timestamp="19 May 2019 11:23:21 GMT" time="0.000" errors="0">
  <testcase name="HomePageTest" time="0.000" classname="TestNGFeatures.AssertionTest">
    <skipped/>
  </testcase> <!-- HomePageTest -->
  <testcase name="logoutTest" time="0.000" classname="TestNGFeatures.AssertionTest">
    <skipped/>
  </testcase> <!-- logoutTest -->
  <testcase name="loginTest" time="0.000" classname="TestNGFeatures.AssertionTest">
    <skipped/>
  </testcase> <!-- loginTest -->
</testsuite> <!-- TestNGFeatures.AssertionTest -->
