<?xml version="1.0" encoding="UTF-8"?>
<!-- Generated by org.testng.reporters.JUnitReportReporter -->
<testsuite skipped="0" hostname="HP-PC" name="com.qa.selenium.quickrecap.headlessFireFox" tests="1" failures="0" timestamp="01 Apr 2019 06:18:43 GMT" time="47.482" errors="0">
  <testcase name="headlessBrowswerTest" time="47.482" classname="com.qa.selenium.quickrecap.headlessFireFox"/>
</testsuite> <!-- com.qa.selenium.quickrecap.headlessFireFox -->
