<?xml version="1.0" encoding="UTF-8"?>
<!-- Generated by org.testng.reporters.JUnitReportReporter -->
<testsuite skipped="0" hostname="HP-PC" name="com.qa.selenium.quickrecap.ScreenShotPracto" tests="1" failures="0" timestamp="13 May 2019 02:42:25 GMT" time="13.068" errors="0">
  <testcase name="loginTest" time="13.068" classname="com.qa.selenium.quickrecap.ScreenShotPracto"/>
</testsuite> <!-- com.qa.selenium.quickrecap.ScreenShotPracto -->
