<?xml version="1.0" encoding="UTF-8"?>
<!-- Generated by org.testng.reporters.JUnitReportReporter -->
<testsuite skipped="0" hostname="HP-PC" name="FreeCRMTestSinglton.PDFReaderTest" tests="1" failures="0" timestamp="26 Oct 2018 03:17:09 GMT" time="0.986" errors="0">
  <testcase name="readPDFTest" time="0.986" classname="FreeCRMTestSinglton.PDFReaderTest"/>
</testsuite> <!-- FreeCRMTestSinglton.PDFReaderTest -->
