<?xml version="1.0" encoding="UTF-8"?>
<!-- Generated by org.testng.reporters.JUnitReportReporter -->
<testsuite skipped="2" hostname="HP-PC" name="com.qa.hubspot.parellelTestcases.ThreadLocalDemo" tests="2" failures="0" timestamp="19 May 2019 11:23:21 GMT" time="0.000" errors="0">
  <testcase name="testMethod1" time="0.000" classname="com.qa.hubspot.parellelTestcases.ThreadLocalDemo">
    <skipped/>
  </testcase> <!-- testMethod1 -->
  <testcase name="testMethod2" time="0.000" classname="com.qa.hubspot.parellelTestcases.ThreadLocalDemo">
    <skipped/>
  </testcase> <!-- testMethod2 -->
</testsuite> <!-- com.qa.hubspot.parellelTestcases.ThreadLocalDemo -->
