<?xml version="1.0" encoding="UTF-8"?>
<!-- Generated by org.testng.reporters.JUnitReportReporter -->
<testsuite skipped="0" hostname="HP-PC" name="FreeCRMTestSinglton.FreeCRMTestClass" tests="2" failures="0" timestamp="17 Jan 2019 04:25:15 GMT" time="43.538" errors="0">
  <testcase name="logoTest" time="12.562" classname="FreeCRMTestSinglton.FreeCRMTestClass"/>
  <testcase name="verifyFreeCRMTitle" time="30.976" classname="FreeCRMTestSinglton.FreeCRMTestClass"/>
</testsuite> <!-- FreeCRMTestSinglton.FreeCRMTestClass -->
