<?xml version="1.0" encoding="UTF-8"?>
<!-- Generated by org.testng.reporters.JUnitReportReporter -->
<testsuite skipped="0" hostname="HP-PC" name="com.qa.hubspot.parellelTestcases.ThreadLocalDemo" tests="2" failures="0" timestamp="22 Feb 2019 06:00:37 GMT" time="104.099" errors="0">
  <testcase name="testMethod1" time="60.922" classname="com.qa.hubspot.parellelTestcases.ThreadLocalDemo"/>
  <testcase name="testMethod2" time="43.177" classname="com.qa.hubspot.parellelTestcases.ThreadLocalDemo"/>
</testsuite> <!-- com.qa.hubspot.parellelTestcases.ThreadLocalDemo -->
